0 info it worked if it ends with ok
1 verbose cli [ 'node', '/usr/local/bin/npm', 'install' ]
2 info using npm@1.4.3
3 info using node@v0.10.26
4 warn package.json ripple-gateway@3.11.0 No repository field.
5 verbose readDependencies using package.json deps
6 verbose install where, deps [ '/Users/abiy/code/gatewayd',
6 verbose install   [ 'express',
6 verbose install     'bignumber.js',
6 verbose install     'express-authorization',
6 verbose install     'passport',
6 verbose install     'passport-http',
6 verbose install     'sjcl',
6 verbose install     'ripple-lib',
6 verbose install     'request',
6 verbose install     'async',
6 verbose install     'nconf',
6 verbose install     'commander',
6 verbose install     'ripple-wallet',
6 verbose install     'require-all',
6 verbose install     'ripple-gateway-data-sequelize',
6 verbose install     'ripple-gateway-webapp-example',
6 verbose install     'ripple-rest-client',
6 verbose install     'node-uuid',
6 verbose install     'ejs',
6 verbose install     'cli-table',
6 verbose install     'underscore-node',
6 verbose install     'jbuilder',
6 verbose install     'db-migrate',
6 verbose install     'forever',
6 verbose install     'pg',
6 verbose install     'grunt',
6 verbose install     'pm2',
6 verbose install     'sequelize-restful',
6 verbose install     'validator',
6 verbose install     'mocha',
6 verbose install     'grunt-db-migrate' ] ]
7 info preinstall ripple-gateway@3.11.0
8 warn package.json cli-table@0.3.0 No repository field.
9 warn package.json ripple-gateway-data-sequelize@1.5.0 No repository field.
10 verbose readDependencies using package.json deps
11 verbose already installed skipping express-authorization@0.1.1 /Users/abiy/code/gatewayd
12 verbose already installed skipping bignumber.js@1.3.0 /Users/abiy/code/gatewayd
13 verbose already installed skipping passport@ /Users/abiy/code/gatewayd
14 verbose already installed skipping passport-http@ /Users/abiy/code/gatewayd
15 verbose already installed skipping sjcl@1.0.0 /Users/abiy/code/gatewayd
16 verbose already installed skipping ripple-lib@ /Users/abiy/code/gatewayd
17 verbose already installed skipping request@ /Users/abiy/code/gatewayd
18 verbose already installed skipping async@0.1.22 /Users/abiy/code/gatewayd
19 verbose already installed skipping nconf@~0.6 /Users/abiy/code/gatewayd
20 verbose already installed skipping commander@2.1.0 /Users/abiy/code/gatewayd
21 verbose already installed skipping ripple-wallet@1.0.0 /Users/abiy/code/gatewayd
22 verbose already installed skipping require-all@ /Users/abiy/code/gatewayd
23 verbose already installed skipping ripple-gateway-data-sequelize@1.5.0 /Users/abiy/code/gatewayd
24 verbose cache add [ 'ripple-gateway-webapp-example@1.2.0', null ]
25 verbose cache add name=undefined spec="ripple-gateway-webapp-example@1.2.0" args=["ripple-gateway-webapp-example@1.2.0",null]
26 verbose parsed url { protocol: null,
26 verbose parsed url   slashes: null,
26 verbose parsed url   auth: null,
26 verbose parsed url   host: null,
26 verbose parsed url   port: null,
26 verbose parsed url   hostname: null,
26 verbose parsed url   hash: null,
26 verbose parsed url   search: null,
26 verbose parsed url   query: null,
26 verbose parsed url   pathname: 'ripple-gateway-webapp-example@1.2.0',
26 verbose parsed url   path: 'ripple-gateway-webapp-example@1.2.0',
26 verbose parsed url   href: 'ripple-gateway-webapp-example@1.2.0' }
27 verbose cache add name="ripple-gateway-webapp-example" spec="1.2.0" args=["ripple-gateway-webapp-example","1.2.0"]
28 verbose parsed url { protocol: null,
28 verbose parsed url   slashes: null,
28 verbose parsed url   auth: null,
28 verbose parsed url   host: null,
28 verbose parsed url   port: null,
28 verbose parsed url   hostname: null,
28 verbose parsed url   hash: null,
28 verbose parsed url   search: null,
28 verbose parsed url   query: null,
28 verbose parsed url   pathname: '1.2.0',
28 verbose parsed url   path: '1.2.0',
28 verbose parsed url   href: '1.2.0' }
29 verbose addNamed [ 'ripple-gateway-webapp-example', '1.2.0' ]
30 verbose addNamed [ '1.2.0', '1.2.0' ]
31 verbose already installed skipping node-uuid@1.4.1 /Users/abiy/code/gatewayd
32 verbose already installed skipping ripple-rest-client@1.3.1 /Users/abiy/code/gatewayd
33 verbose already installed skipping ejs@ /Users/abiy/code/gatewayd
34 silly lockFile 747d8a49-ple-gateway-webapp-example-1-2-0 ripple-gateway-webapp-example@1.2.0
35 verbose lock ripple-gateway-webapp-example@1.2.0 /Users/abiy/.npm/747d8a49-ple-gateway-webapp-example-1-2-0.lock
36 verbose already installed skipping cli-table@0.3.0 /Users/abiy/code/gatewayd
37 verbose url raw ripple-gateway-webapp-example/1.2.0
38 verbose url resolving [ 'https://registry.npmjs.org/',
38 verbose url resolving   './ripple-gateway-webapp-example/1.2.0' ]
39 verbose url resolved https://registry.npmjs.org/ripple-gateway-webapp-example/1.2.0
40 info trying registry request attempt 1 at 14:49:12
41 http GET https://registry.npmjs.org/ripple-gateway-webapp-example/1.2.0
42 verbose already installed skipping db-migrate@^0.6.4 /Users/abiy/code/gatewayd
43 verbose already installed skipping underscore-node@0.1.2 /Users/abiy/code/gatewayd
44 verbose already installed skipping forever@ /Users/abiy/code/gatewayd
45 verbose already installed skipping jbuilder@ /Users/abiy/code/gatewayd
46 verbose already installed skipping pg@^3.0.3 /Users/abiy/code/gatewayd
47 verbose already installed skipping grunt@^0.4.4 /Users/abiy/code/gatewayd
48 verbose already installed skipping pm2@^0.8.1 /Users/abiy/code/gatewayd
49 verbose already installed skipping sequelize-restful@^0.1.0 /Users/abiy/code/gatewayd
50 verbose already installed skipping validator@^3.11.0 /Users/abiy/code/gatewayd
51 verbose already installed skipping mocha@~1.14.0 /Users/abiy/code/gatewayd
52 verbose already installed skipping grunt-db-migrate@^0.2.0 /Users/abiy/code/gatewayd
53 verbose already installed skipping express@3.x /Users/abiy/code/gatewayd
54 http 404 https://registry.npmjs.org/ripple-gateway-webapp-example/1.2.0
55 silly registry.get cb [ 404,
55 silly registry.get   { date: 'Wed, 07 May 2014 21:49:12 GMT',
55 silly registry.get     server: 'CouchDB/1.5.0 (Erlang OTP/R14B04)',
55 silly registry.get     etag: '"913TG9OB5X0OILAUZ58J5BAQA"',
55 silly registry.get     'content-type': 'application/json',
55 silly registry.get     via: '1.1 varnish',
55 silly registry.get     'cache-control': 'max-age=0',
55 silly registry.get     'content-length': '36',
55 silly registry.get     'accept-ranges': 'bytes',
55 silly registry.get     age: '0',
55 silly registry.get     'x-served-by': 'cache-v44-ASH, cache-lax1422-LAX',
55 silly registry.get     'x-cache': 'MISS, MISS',
55 silly registry.get     'x-cache-hits': '0, 0',
55 silly registry.get     'x-timer': 'S1399499352.286629915,VS0,VS32,VE45,VE78',
55 silly registry.get     vary: 'Accept',
55 silly registry.get     'keep-alive': 'timeout=10, max=50',
55 silly registry.get     connection: 'Keep-Alive' } ]
56 silly lockFile 747d8a49-ple-gateway-webapp-example-1-2-0 ripple-gateway-webapp-example@1.2.0
57 silly lockFile 747d8a49-ple-gateway-webapp-example-1-2-0 ripple-gateway-webapp-example@1.2.0
58 error Error: version not found: 1.2.0 : ripple-gateway-webapp-example/1.2.0
58 error     at RegClient.<anonymous> (/usr/local/lib/node_modules/npm/node_modules/npm-registry-client/lib/request.js:237:14)
58 error     at Request.self.callback (/usr/local/lib/node_modules/npm/node_modules/request/request.js:123:22)
58 error     at Request.EventEmitter.emit (events.js:98:17)
58 error     at Request.<anonymous> (/usr/local/lib/node_modules/npm/node_modules/request/request.js:893:14)
58 error     at Request.EventEmitter.emit (events.js:117:20)
58 error     at IncomingMessage.<anonymous> (/usr/local/lib/node_modules/npm/node_modules/request/request.js:844:12)
58 error     at IncomingMessage.EventEmitter.emit (events.js:117:20)
58 error     at _stream_readable.js:920:16
58 error     at process._tickCallback (node.js:415:13)
59 error If you need help, you may report this *entire* log,
59 error including the npm and node versions, at:
59 error     <http://github.com/npm/npm/issues>
60 error System Darwin 13.1.0
61 error command "node" "/usr/local/bin/npm" "install"
62 error cwd /Users/abiy/code/gatewayd
63 error node -v v0.10.26
64 error npm -v 1.4.3
65 verbose exit [ 1, true ]
